Removed Pin From Net: NetName=VCC-PRI Pin=C10-2
Removed Pin From Net: NetName=GND-PRI Pin=Clp-1
Removed Pin From Net: NetName=GND-PRI Pin=D3-1
Removed Pin From Net: NetName=NetQ3_1 Pin=R4-2
Removed Pin From Net: NetName=GND-SEC Pin=R5-1
Removed Pin From Net: NetName=GND-SEC Pin=R11-2
Removed Pin From Net: NetName=GND-SEC Pin=Rcset-2
Removed Pin From Net: NetName=GND-PRI Pin=Rsense1-1
Removed Pin From Net: NetName=NetQ1_1 Pin=Rsense1-2
Removed Pin From Net: NetName=GND-PRI Pin=Rsense2-1
Removed Pin From Net: NetName=NetQ1_1 Pin=Rsense2-2
Removed Pin From Net: NetName=GND-PRI Pin=Rsense3-1
Removed Pin From Net: NetName=NetQ1_1 Pin=Rsense3-2
Removed Pin From Net: NetName=NetCT_1 Pin=Rslope-1
Removed Pin From Net: NetName=NetRf_2 Pin=Rslope-2
Removed Pin From Net: NetName=VCC-PRI Pin=U4-5
Removed Member From Class: ClassName=Sheet2 Member=Rsense1
Removed Member From Class: ClassName=Sheet2 Member=Rsense2
Removed Member From Class: ClassName=Sheet2 Member=Rsense3
Change Component Footprint: Designator=C3 Old Footprint=CAPR5-4X5 New Footprint=Panasonic 56uF 50V EEU-FM1H560
Change Component Comment : Designator=Rp Old Comment= New Comment=not placed
Change Component Comment : Designator=Rcset Old Comment=1k New Comment=10k
Change Component Comment : Designator=RT Old Comment=1k New Comment=17.2k
Change Component Comment : Designator=R11 Old Comment=5.9k New Comment=3.13k
Change Component Comment : Designator=Rlp Old Comment=10k New Comment=150 R
Change Component Comment : Designator=Ropto2 Old Comment=10k New Comment=?k
Change Component Comment : Designator=C7 Old Comment=10nF New Comment=1nF
Change Component Comment : Designator=C22 Old Comment=10p New Comment=10 pF
Change Component Comment : Designator=CT Old Comment=17.2nF New Comment=1nF
Change Component Comment : Designator=R12 Old Comment=20k New Comment=11.3k
Change Component Comment : Designator=Rslope Old Comment=24.3k New Comment=
Change Component Comment : Designator=Clp Old Comment=50pF New Comment=1 nF
Change Component Comment : Designator=C6 Old Comment=100nF New Comment=4 uF
Change Component Comment : Designator=C2 Old Comment=100nF New Comment=5uF
Change Component Comment : Designator=C23 Old Comment=100nF New Comment=100 nF
Change Component Comment : Designator=Rsense4 Old Comment=200m New Comment=200m, 1W
Change Component Designator: OldDesignator=Clp NewDesignator=Clp0
Change Component Designator: OldDesignator=Rsense4 NewDesignator=Rsense
Change component parameters: Designator = "Q3"; Footprint = "INF-PG-TO-220AB"; UniqueID = "\LYHPKJXV"
Change component parameters. Clean all parameters for all variants
Change component parameters (AddParameter): Name = "Category"; Value = "PowerMOSFET"; VariantName = "[No Variations]"
Change component parameters (AddParameter): Name = "Channel Mode"; Value = "Enhancement"; VariantName = "[No Variations]"
Change component parameters (AddParameter): Name = "Channel Type"; Value = "N"; VariantName = "[No Variations]"
Change component parameters (AddParameter): Name = "Configuration"; Value = "Single"; VariantName = "[No Variations]"
Change component parameters (AddParameter): Name = "Datasheet URL"; Value = "https://datasheet.ciiva.com/26325/161162-da-01-en-mosfet-irlb3034pbf-to220ab-ir-26325354.pdf"; VariantName = "[No Variations]"
Change component parameters (AddParameter): Name = "Datasheet Version"; Value = "Jan-09"; VariantName = "[No Variations]"
Change component parameters (AddParameter): Name = "Dimensions"; Value = "10.54x4.69x15.24mm"; VariantName = "[No Variations]"
Change component parameters (AddParameter): Name = "Forward Diode Voltage"; Value = "1.3V"; VariantName = "[No Variations]"
Change component parameters (AddParameter): Name = "Forward Transconductance"; Value = "286S"; VariantName = "[No Variations]"
Change component parameters (AddParameter): Name = "Height"; Value = "15.24mm"; VariantName = "[No Variations]"
Change component parameters (AddParameter): Name = "Length"; Value = "10.54mm"; VariantName = "[No Variations]"
Change component parameters (AddParameter): Name = "Manufacturer"; Value = "International Rectifier"; VariantName = "[No Variations]"
Change component parameters (AddParameter): Name = "Manufacturer URL"; Value = "http://internationalrectifier.com/"; VariantName = "[No Variations]"
Change component parameters (AddParameter): Name = "Maximum Continuous Drain Current"; Value = "343A"; VariantName = "[No Variations]"
Change component parameters (AddParameter): Name = "Maximum Drain Source Resistance"; Value = "2mO"; VariantName = "[No Variations]"
Change component parameters (AddParameter): Name = "Maximum Drain Source Voltage"; Value = "40V"; VariantName = "[No Variations]"
Change component parameters (AddParameter): Name = "Maximum Gate Source Voltage"; Value = "±20V"; VariantName = "[No Variations]"
Change component parameters (AddParameter): Name = "Maximum Operating Temperature"; Value = "+175degC"; VariantName = "[No Variations]"
Change component parameters (AddParameter): Name = "Maximum Power Dissipation"; Value = "375W"; VariantName = "[No Variations]"
Change component parameters (AddParameter): Name = "Minimum Operating Temperature"; Value = "-55degC"; VariantName = "[No Variations]"
Change component parameters (AddParameter): Name = "Mounting Type"; Value = "ThroughHole"; VariantName = "[No Variations]"
Change component parameters (AddParameter): Name = "Number of Elements per Chip"; Value = "1"; VariantName = "[No Variations]"
Change component parameters (AddParameter): Name = "Operating Temperature Range"; Value = "-55to+175degC"; VariantName = "[No Variations]"
Change component parameters (AddParameter): Name = "Package Description"; Value = "3-Pin Plastic (Green) Transistor Single Outline Package, 9.9 x 9.2 mm Body, 2.54 mm Pitch"; VariantName = "[No Variations]"
Change component parameters (AddParameter): Name = "Package Reference"; Value = "PG-TO-220AB"; VariantName = "[No Variations]"
Change component parameters (AddParameter): Name = "Package Type"; Value = "TO-220AB"; VariantName = "[No Variations]"
Change component parameters (AddParameter): Name = "Package URL"; Value = "http://www.infineon.com/dgdl/bts110.pdf?folderId=db3a304412b407950112b43583c16310&fileId=db3a304412b407950112b43584326311&sId=db3a30443e3c704d013e4eb6657a2604"; VariantName = "[No Variations]"
Change component parameters (AddParameter): Name = "Package Version"; Value = "Feb-04"; VariantName = "[No Variations]"
Change component parameters (AddParameter): Name = "Pin Count"; Value = "3"; VariantName = "[No Variations]"
Change component parameters (AddParameter): Name = "Series"; Value = "HEXFETSeries"; VariantName = "[No Variations]"
Change component parameters (AddParameter): Name = "Typical Gate Charge @ Vgs"; Value = "54nC@4.5V"; VariantName = "[No Variations]"
Change component parameters (AddParameter): Name = "Typical Input Capacitance @ Vds"; Value = "10315pF@25V"; VariantName = "[No Variations]"
Change component parameters (AddParameter): Name = "Typical TurnOff Delay Time"; Value = "97ns"; VariantName = "[No Variations]"
Change component parameters (AddParameter): Name = "Typical Turn On Delay Time"; Value = "65ns"; VariantName = "[No Variations]"
Change component parameters (AddParameter): Name = "Width"; Value = "4.69mm"; VariantName = "[No Variations]"
Change component parameters: Designator = "Rgp"; Footprint = "6-0805_L"; UniqueID = "\WMFJTTBI"
Change component parameters. Clean all parameters for all variants
Change component parameters (AddParameter): Name = "LatestRevisionDate"; Value = "17-Jul-2002"; VariantName = "[No Variations]"
Change component parameters (AddParameter): Name = "LatestRevisionNote"; Value = "Re-released for DXP Platform."; VariantName = "[No Variations]"
Change component parameters (AddParameter): Name = "PackageDescription"; Value = "Axial Device, Thru-Hole; 2 Leads; 0.3 in Pin Spacing"; VariantName = "[No Variations]"
Change component parameters (AddParameter): Name = "PackageReference"; Value = "AXIAL-0.3"; VariantName = "[No Variations]"
Change component parameters (AddParameter): Name = "Published"; Value = "8-Jun-2000"; VariantName = "[No Variations]"
Change component parameters (AddParameter): Name = "Publisher"; Value = "Altium Limited"; VariantName = "[No Variations]"
Change component parameters (AddParameter): Name = "Value"; Value = "50K"; VariantName = "[No Variations]"
Change component parameters: Designator = "Rp"; Footprint = "RESC0805(2012)_L"; UniqueID = "\BDDQMPDI"
Change component parameters. Clean all parameters for all variants
Change component parameters (AddParameter): Name = "Case-EIA"; Value = "0805"; VariantName = "[No Variations]"
Change component parameters (AddParameter): Name = "Case-Metric"; Value = "2012"; VariantName = "[No Variations]"
Change component parameters (AddParameter): Name = "Power"; Value = "0.125 W"; VariantName = "[No Variations]"
Change component parameters (AddParameter): Name = "Technology"; Value = "SMT"; VariantName = "[No Variations]"
Change component parameters (AddParameter): Name = "Tolerance"; Value = "1 %"; VariantName = "[No Variations]"
Change component parameters (AddParameter): Name = "Value"; Value = "7k"; VariantName = "[No Variations]"
Change component parameters: Designator = "Rslope"; Footprint = "RESC0805(2012)_L"; UniqueID = "\OXFCPMQR"
Change component parameters. Clean all parameters for all variants
Change component parameters (AddParameter): Name = "Case-EIA"; Value = "0805"; VariantName = "[No Variations]"
Change component parameters (AddParameter): Name = "Case-Metric"; Value = "2012"; VariantName = "[No Variations]"
Change component parameters (AddParameter): Name = "Power"; Value = "0.125 W"; VariantName = "[No Variations]"
Change component parameters (AddParameter): Name = "Technology"; Value = "SMT"; VariantName = "[No Variations]"
Change component parameters (AddParameter): Name = "Tolerance"; Value = "1 %"; VariantName = "[No Variations]"
Change component parameters (AddParameter): Name = "Value"; Value = "2.3k"; VariantName = "[No Variations]"
Added Component: Designator=C24(CAPC0805(2012)145_N)
Add component. Clean all parameters for all variants
Add component (AddParameter): Name = "Case-EIA"; Value = "0805"; VariantName = "[No Variations]"
Add component (AddParameter): Name = "Case-Metric"; Value = "2012"; VariantName = "[No Variations]"
Add component (AddParameter): Name = "Max Thickness"; Value = "1.45 mm"; VariantName = "[No Variations]"
Add component (AddParameter): Name = "Rated Voltage"; Value = "50 V"; VariantName = "[No Variations]"
Add component (AddParameter): Name = "Technology"; Value = "SMT"; VariantName = "[No Variations]"
Add component (AddParameter): Name = "Tolerance"; Value = "Â±10%"; VariantName = "[No Variations]"
Add component (AddParameter): Name = "Value"; Value = "82nF"; VariantName = "[No Variations]"
Added Component: Designator=C25(CAPC0805(2012)145_N)
Add component. Clean all parameters for all variants
Add component (AddParameter): Name = "Case-EIA"; Value = "0805"; VariantName = "[No Variations]"
Add component (AddParameter): Name = "Case-Metric"; Value = "2012"; VariantName = "[No Variations]"
Add component (AddParameter): Name = "Max Thickness"; Value = "1.45 mm"; VariantName = "[No Variations]"
Add component (AddParameter): Name = "Rated Voltage"; Value = "50 V"; VariantName = "[No Variations]"
Add component (AddParameter): Name = "Technology"; Value = "SMT"; VariantName = "[No Variations]"
Add component (AddParameter): Name = "Tolerance"; Value = "Â±10%"; VariantName = "[No Variations]"
Add component (AddParameter): Name = "Value"; Value = "82nF"; VariantName = "[No Variations]"
Added Component: Designator=C26(CAPC0805(2012)145_N)
Add component. Clean all parameters for all variants
Add component (AddParameter): Name = "Case-EIA"; Value = "0805"; VariantName = "[No Variations]"
Add component (AddParameter): Name = "Case-Metric"; Value = "2012"; VariantName = "[No Variations]"
Add component (AddParameter): Name = "Max Thickness"; Value = "1.45 mm"; VariantName = "[No Variations]"
Add component (AddParameter): Name = "Rated Voltage"; Value = "50 V"; VariantName = "[No Variations]"
Add component (AddParameter): Name = "Technology"; Value = "SMT"; VariantName = "[No Variations]"
Add component (AddParameter): Name = "Tolerance"; Value = "Â±10%"; VariantName = "[No Variations]"
Add component (AddParameter): Name = "Value"; Value = "82nF"; VariantName = "[No Variations]"
Added Component: Designator=C27(CAPC0805(2012)145_N)
Add component. Clean all parameters for all variants
Add component (AddParameter): Name = "Case-EIA"; Value = "0805"; VariantName = "[No Variations]"
Add component (AddParameter): Name = "Case-Metric"; Value = "2012"; VariantName = "[No Variations]"
Add component (AddParameter): Name = "Max Thickness"; Value = "1.45 mm"; VariantName = "[No Variations]"
Add component (AddParameter): Name = "Rated Voltage"; Value = "50 V"; VariantName = "[No Variations]"
Add component (AddParameter): Name = "Technology"; Value = "SMT"; VariantName = "[No Variations]"
Add component (AddParameter): Name = "Tolerance"; Value = "Â±10%"; VariantName = "[No Variations]"
Add component (AddParameter): Name = "Value"; Value = "82nF"; VariantName = "[No Variations]"
Added Component: Designator=C28(CAPC0805(2012)145_N)
Add component. Clean all parameters for all variants
Add component (AddParameter): Name = "Case-EIA"; Value = "0805"; VariantName = "[No Variations]"
Add component (AddParameter): Name = "Case-Metric"; Value = "2012"; VariantName = "[No Variations]"
Add component (AddParameter): Name = "Max Thickness"; Value = "1.45 mm"; VariantName = "[No Variations]"
Add component (AddParameter): Name = "Rated Voltage"; Value = "50 V"; VariantName = "[No Variations]"
Add component (AddParameter): Name = "Technology"; Value = "SMT"; VariantName = "[No Variations]"
Add component (AddParameter): Name = "Tolerance"; Value = "Â±10%"; VariantName = "[No Variations]"
Add component (AddParameter): Name = "Value"; Value = "82nF"; VariantName = "[No Variations]"
Added Component: Designator=C29(CAPC0805(2012)145_N)
Add component. Clean all parameters for all variants
Add component (AddParameter): Name = "Case-EIA"; Value = "0805"; VariantName = "[No Variations]"
Add component (AddParameter): Name = "Case-Metric"; Value = "2012"; VariantName = "[No Variations]"
Add component (AddParameter): Name = "Max Thickness"; Value = "1.45 mm"; VariantName = "[No Variations]"
Add component (AddParameter): Name = "Rated Voltage"; Value = "50 V"; VariantName = "[No Variations]"
Add component (AddParameter): Name = "Technology"; Value = "SMT"; VariantName = "[No Variations]"
Add component (AddParameter): Name = "Tolerance"; Value = "Â±10%"; VariantName = "[No Variations]"
Add component (AddParameter): Name = "Value"; Value = "82nF"; VariantName = "[No Variations]"
Added Component: Designator=C30(CAPC0805(2012)145_N)
Add component. Clean all parameters for all variants
Add component (AddParameter): Name = "Case-EIA"; Value = "0805"; VariantName = "[No Variations]"
Add component (AddParameter): Name = "Case-Metric"; Value = "2012"; VariantName = "[No Variations]"
Add component (AddParameter): Name = "Max Thickness"; Value = "1.45 mm"; VariantName = "[No Variations]"
Add component (AddParameter): Name = "Rated Voltage"; Value = "50 V"; VariantName = "[No Variations]"
Add component (AddParameter): Name = "Technology"; Value = "SMT"; VariantName = "[No Variations]"
Add component (AddParameter): Name = "Tolerance"; Value = "Â±10%"; VariantName = "[No Variations]"
Add component (AddParameter): Name = "Value"; Value = "82nF"; VariantName = "[No Variations]"
Added Component: Designator=C31(CAPC0805(2012)145_N)
Add component. Clean all parameters for all variants
Add component (AddParameter): Name = "Case-EIA"; Value = "0805"; VariantName = "[No Variations]"
Add component (AddParameter): Name = "Case-Metric"; Value = "2012"; VariantName = "[No Variations]"
Add component (AddParameter): Name = "Max Thickness"; Value = "1.45 mm"; VariantName = "[No Variations]"
Add component (AddParameter): Name = "Rated Voltage"; Value = "50 V"; VariantName = "[No Variations]"
Add component (AddParameter): Name = "Technology"; Value = "SMT"; VariantName = "[No Variations]"
Add component (AddParameter): Name = "Tolerance"; Value = "Â±10%"; VariantName = "[No Variations]"
Add component (AddParameter): Name = "Value"; Value = "82nF"; VariantName = "[No Variations]"
Added Component: Designator=C32(CAPC0805(2012)145_N)
Add component. Clean all parameters for all variants
Add component (AddParameter): Name = "Case-EIA"; Value = "0805"; VariantName = "[No Variations]"
Add component (AddParameter): Name = "Case-Metric"; Value = "2012"; VariantName = "[No Variations]"
Add component (AddParameter): Name = "Max Thickness"; Value = "1.45 mm"; VariantName = "[No Variations]"
Add component (AddParameter): Name = "Rated Voltage"; Value = "50 V"; VariantName = "[No Variations]"
Add component (AddParameter): Name = "Technology"; Value = "SMT"; VariantName = "[No Variations]"
Add component (AddParameter): Name = "Tolerance"; Value = "Â±10%"; VariantName = "[No Variations]"
Add component (AddParameter): Name = "Value"; Value = "82nF"; VariantName = "[No Variations]"
Added Component: Designator=C33(CAPC0805(2012)145_N)
Add component. Clean all parameters for all variants
Add component (AddParameter): Name = "Case-EIA"; Value = "0805"; VariantName = "[No Variations]"
Add component (AddParameter): Name = "Case-Metric"; Value = "2012"; VariantName = "[No Variations]"
Add component (AddParameter): Name = "Max Thickness"; Value = "1.45 mm"; VariantName = "[No Variations]"
Add component (AddParameter): Name = "Rated Voltage"; Value = "50 V"; VariantName = "[No Variations]"
Add component (AddParameter): Name = "Technology"; Value = "SMT"; VariantName = "[No Variations]"
Add component (AddParameter): Name = "Tolerance"; Value = "Â±10%"; VariantName = "[No Variations]"
Add component (AddParameter): Name = "Value"; Value = "82nF"; VariantName = "[No Variations]"
Added Component: Designator=C34(CAPC0805(2012)145_N)
Add component. Clean all parameters for all variants
Add component (AddParameter): Name = "Case-EIA"; Value = "0805"; VariantName = "[No Variations]"
Add component (AddParameter): Name = "Case-Metric"; Value = "2012"; VariantName = "[No Variations]"
Add component (AddParameter): Name = "Max Thickness"; Value = "1.45 mm"; VariantName = "[No Variations]"
Add component (AddParameter): Name = "Rated Voltage"; Value = "50 V"; VariantName = "[No Variations]"
Add component (AddParameter): Name = "Technology"; Value = "SMT"; VariantName = "[No Variations]"
Add component (AddParameter): Name = "Tolerance"; Value = "Â±10%"; VariantName = "[No Variations]"
Add component (AddParameter): Name = "Value"; Value = "82nF"; VariantName = "[No Variations]"
Added Component: Designator=Clp1(CAPC0805(2012)145_N)
Add component. Clean all parameters for all variants
Add component (AddParameter): Name = "Case-EIA"; Value = "0805"; VariantName = "[No Variations]"
Add component (AddParameter): Name = "Case-Metric"; Value = "2012"; VariantName = "[No Variations]"
Add component (AddParameter): Name = "Max Thickness"; Value = "1.45 mm"; VariantName = "[No Variations]"
Add component (AddParameter): Name = "Rated Voltage"; Value = "15V"; VariantName = "[No Variations]"
Add component (AddParameter): Name = "Technology"; Value = "SMT"; VariantName = "[No Variations]"
Add component (AddParameter): Name = "Tolerance"; Value = "Â±10%"; VariantName = "[No Variations]"
Add component (AddParameter): Name = "Value"; Value = "82nF"; VariantName = "[No Variations]"
Added Component: Designator=Clp2(CAPC0805(2012)145_N)
Add component. Clean all parameters for all variants
Add component (AddParameter): Name = "Case-EIA"; Value = "0805"; VariantName = "[No Variations]"
Add component (AddParameter): Name = "Case-Metric"; Value = "2012"; VariantName = "[No Variations]"
Add component (AddParameter): Name = "Max Thickness"; Value = "1.45 mm"; VariantName = "[No Variations]"
Add component (AddParameter): Name = "Rated Voltage"; Value = "15V"; VariantName = "[No Variations]"
Add component (AddParameter): Name = "Technology"; Value = "SMT"; VariantName = "[No Variations]"
Add component (AddParameter): Name = "Tolerance"; Value = "Â±10%"; VariantName = "[No Variations]"
Add component (AddParameter): Name = "Value"; Value = "82nF"; VariantName = "[No Variations]"
Added Component: Designator=Csnub1(CAPC0805(2012)145_N)
Add component. Clean all parameters for all variants
Add component (AddParameter): Name = "Case-EIA"; Value = "0805"; VariantName = "[No Variations]"
Add component (AddParameter): Name = "Case-Metric"; Value = "2012"; VariantName = "[No Variations]"
Add component (AddParameter): Name = "Max Thickness"; Value = "1.45 mm"; VariantName = "[No Variations]"
Add component (AddParameter): Name = "Rated Voltage"; Value = "15V"; VariantName = "[No Variations]"
Add component (AddParameter): Name = "Technology"; Value = "SMT"; VariantName = "[No Variations]"
Add component (AddParameter): Name = "Tolerance"; Value = "Â±10%"; VariantName = "[No Variations]"
Add component (AddParameter): Name = "Value"; Value = "82nF"; VariantName = "[No Variations]"
Added Component: Designator=Csnub2(CAPC0805(2012)145_N)
Add component. Clean all parameters for all variants
Add component (AddParameter): Name = "Case-EIA"; Value = "0805"; VariantName = "[No Variations]"
Add component (AddParameter): Name = "Case-Metric"; Value = "2012"; VariantName = "[No Variations]"
Add component (AddParameter): Name = "Max Thickness"; Value = "1.45 mm"; VariantName = "[No Variations]"
Add component (AddParameter): Name = "Rated Voltage"; Value = "15V"; VariantName = "[No Variations]"
Add component (AddParameter): Name = "Technology"; Value = "SMT"; VariantName = "[No Variations]"
Add component (AddParameter): Name = "Tolerance"; Value = "Â±10%"; VariantName = "[No Variations]"
Add component (AddParameter): Name = "Value"; Value = "82nF"; VariantName = "[No Variations]"
Added Component: Designator=D?(SMC)
Add component. Clean all parameters for all variants
Add component (AddParameter): Name = "Code_JEDEC"; Value = "DO-214-AB"; VariantName = "[No Variations]"
Add component (AddParameter): Name = "LatestRevisionDate"; Value = "17-Jul-2002"; VariantName = "[No Variations]"
Add component (AddParameter): Name = "LatestRevisionNote"; Value = "Re-released for DXP Platform."; VariantName = "[No Variations]"
Add component (AddParameter): Name = "PackageDescription"; Value = "DO-214-AB/SMC; 2 C-Bend Leads; Body 7.9 x 5.9 mm, inc. leads (LxW)"; VariantName = "[No Variations]"
Add component (AddParameter): Name = "PackageReference"; Value = "SMC"; VariantName = "[No Variations]"
Add component (AddParameter): Name = "PackageVersion"; Value = "Sep-1996"; VariantName = "[No Variations]"
Add component (AddParameter): Name = "Published"; Value = "8-Jun-2000"; VariantName = "[No Variations]"
Add component (AddParameter): Name = "Publisher"; Value = "Altium Limited"; VariantName = "[No Variations]"
Added Component: Designator=P_LCD(16-pin)
Add component. Clean all parameters for all variants
Add component (AddParameter): Name = "DatasheetVersion"; Value = "E2732B"; VariantName = "[No Variations]"
Add component (AddParameter): Name = "LatestRevisionDate"; Value = "29-May-2009"; VariantName = "[No Variations]"
Add component (AddParameter): Name = "LatestRevisionNote"; Value = "Sch pins A & K swapped."; VariantName = "[No Variations]"
Add component (AddParameter): Name = "PackageDescription"; Value = "Bridge Rectifier; 4 Terminals; Body 9.4 x 9.4 mm (typ); Pitch 5.08 mm"; VariantName = "[No Variations]"
Add component (AddParameter): Name = "PackageReference"; Value = "D-38"; VariantName = "[No Variations]"
Add component (AddParameter): Name = "Published"; Value = "8-Jun-2000"; VariantName = "[No Variations]"
Add component (AddParameter): Name = "Publisher"; Value = "Altium Limited"; VariantName = "[No Variations]"
Added Component: Designator=Q4(ONSC-TO-92-3-29-11)
Add component. Clean all parameters for all variants
Add component (AddParameter): Name = "ComponentLink1Description"; Value = "Manufacturer URL"; VariantName = "[No Variations]"
Add component (AddParameter): Name = "ComponentLink1URL"; Value = "http://www.onsemi.com/"; VariantName = "[No Variations]"
Add component (AddParameter): Name = "ComponentLink2Description"; Value = "Datasheet"; VariantName = "[No Variations]"
Add component (AddParameter): Name = "ComponentLink2URL"; Value = "http://www.onsemi.com/pub_link/Collateral/BC546-D.PDF"; VariantName = "[No Variations]"
Add component (AddParameter): Name = "ComponentLink3Description"; Value = "Package Specification"; VariantName = "[No Variations]"
Add component (AddParameter): Name = "ComponentLink3URL"; Value = "http://www.onsemi.cn/pub_link/Collateral/2N6426-D.PDF"; VariantName = "[No Variations]"
Add component (AddParameter): Name = "DatasheetVersion"; Value = "Rev. 7"; VariantName = "[No Variations]"
Add component (AddParameter): Name = "fT Min (MHz)"; Value = "150"; VariantName = "[No Variations]"
Add component (AddParameter): Name = "IC Continuous (A)"; Value = "0.1"; VariantName = "[No Variations]"
Add component (AddParameter): Name = "Manufacturer"; Value = "On Semiconductor"; VariantName = "[No Variations]"
Add component (AddParameter): Name = "Mounting Technology"; Value = "Through Hole"; VariantName = "[No Variations]"
Add component (AddParameter): Name = "PackageDescription"; Value = "3-Pin Transistor Outline, Body 4.825 x 3.685 mm, Pitch 1.27 mm"; VariantName = "[No Variations]"
Add component (AddParameter): Name = "PackageReference"; Value = "TO-92-3-29-11_AM_SL"; VariantName = "[No Variations]"
Add component (AddParameter): Name = "PackageVersion"; Value = "Rev. AM"; VariantName = "[No Variations]"
Add component (AddParameter): Name = "Packing"; Value = "Bulk Box"; VariantName = "[No Variations]"
Add component (AddParameter): Name = "PartNumber"; Value = "BC547BG"; VariantName = "[No Variations]"
Add component (AddParameter): Name = "Polarity"; Value = "NPN"; VariantName = "[No Variations]"
Add component (AddParameter): Name = "RoHS"; Value = "TRUE"; VariantName = "[No Variations]"
Added Component: Designator=R13(RESC0805(2012)_L)
Add component. Clean all parameters for all variants
Add component (AddParameter): Name = "Case-EIA"; Value = "0805"; VariantName = "[No Variations]"
Add component (AddParameter): Name = "Case-Metric"; Value = "2012"; VariantName = "[No Variations]"
Add component (AddParameter): Name = "Power"; Value = "0.125 W"; VariantName = "[No Variations]"
Add component (AddParameter): Name = "Technology"; Value = "SMT"; VariantName = "[No Variations]"
Add component (AddParameter): Name = "Tolerance"; Value = "1 %"; VariantName = "[No Variations]"
Add component (AddParameter): Name = "Value"; Value = "100000.00 Ohm"; VariantName = "[No Variations]"
Added Component: Designator=R14(RESC0805(2012)_L)
Add component. Clean all parameters for all variants
Add component (AddParameter): Name = "Case-EIA"; Value = "0805"; VariantName = "[No Variations]"
Add component (AddParameter): Name = "Case-Metric"; Value = "2012"; VariantName = "[No Variations]"
Add component (AddParameter): Name = "Power"; Value = "0.125 W"; VariantName = "[No Variations]"
Add component (AddParameter): Name = "Technology"; Value = "SMT"; VariantName = "[No Variations]"
Add component (AddParameter): Name = "Tolerance"; Value = "1 %"; VariantName = "[No Variations]"
Add component (AddParameter): Name = "Value"; Value = "100000.00 Ohm"; VariantName = "[No Variations]"
Added Component: Designator=R15(RESC0805(2012)_L)
Add component. Clean all parameters for all variants
Add component (AddParameter): Name = "Case-EIA"; Value = "0805"; VariantName = "[No Variations]"
Add component (AddParameter): Name = "Case-Metric"; Value = "2012"; VariantName = "[No Variations]"
Add component (AddParameter): Name = "Power"; Value = "0.125 W"; VariantName = "[No Variations]"
Add component (AddParameter): Name = "Technology"; Value = "SMT"; VariantName = "[No Variations]"
Add component (AddParameter): Name = "Tolerance"; Value = "1 %"; VariantName = "[No Variations]"
Add component (AddParameter): Name = "Value"; Value = "220R"; VariantName = "[No Variations]"
Added Component: Designator=R16(RESC0805(2012)_L)
Add component. Clean all parameters for all variants
Add component (AddParameter): Name = "Case-EIA"; Value = "0805"; VariantName = "[No Variations]"
Add component (AddParameter): Name = "Case-Metric"; Value = "2012"; VariantName = "[No Variations]"
Add component (AddParameter): Name = "Power"; Value = "0.125 W"; VariantName = "[No Variations]"
Add component (AddParameter): Name = "Technology"; Value = "SMT"; VariantName = "[No Variations]"
Add component (AddParameter): Name = "Tolerance"; Value = "1 %"; VariantName = "[No Variations]"
Add component (AddParameter): Name = "Value"; Value = "?k"; VariantName = "[No Variations]"
Added Component: Designator=R17(RESC0805(2012)_L)
Add component. Clean all parameters for all variants
Add component (AddParameter): Name = "Case-EIA"; Value = "0805"; VariantName = "[No Variations]"
Add component (AddParameter): Name = "Case-Metric"; Value = "2012"; VariantName = "[No Variations]"
Add component (AddParameter): Name = "Power"; Value = "0.125 W"; VariantName = "[No Variations]"
Add component (AddParameter): Name = "Technology"; Value = "SMT"; VariantName = "[No Variations]"
Add component (AddParameter): Name = "Tolerance"; Value = "1 %"; VariantName = "[No Variations]"
Add component (AddParameter): Name = "Value"; Value = "?k"; VariantName = "[No Variations]"
Added Component: Designator=Rlp1(RESC0805(2012)_L)
Add component. Clean all parameters for all variants
Add component (AddParameter): Name = "Case-EIA"; Value = "0805"; VariantName = "[No Variations]"
Add component (AddParameter): Name = "Case-Metric"; Value = "2012"; VariantName = "[No Variations]"
Add component (AddParameter): Name = "Power"; Value = "0.125 W"; VariantName = "[No Variations]"
Add component (AddParameter): Name = "Technology"; Value = "SMT"; VariantName = "[No Variations]"
Add component (AddParameter): Name = "Tolerance"; Value = "1 %"; VariantName = "[No Variations]"
Add component (AddParameter): Name = "Value"; Value = "100000.00 Ohm"; VariantName = "[No Variations]"
Added Component: Designator=Rlp2(RESC0805(2012)_L)
Add component. Clean all parameters for all variants
Add component (AddParameter): Name = "Case-EIA"; Value = "0805"; VariantName = "[No Variations]"
Add component (AddParameter): Name = "Case-Metric"; Value = "2012"; VariantName = "[No Variations]"
Add component (AddParameter): Name = "Power"; Value = "0.125 W"; VariantName = "[No Variations]"
Add component (AddParameter): Name = "Technology"; Value = "SMT"; VariantName = "[No Variations]"
Add component (AddParameter): Name = "Tolerance"; Value = "1 %"; VariantName = "[No Variations]"
Add component (AddParameter): Name = "Value"; Value = "100000.00 Ohm"; VariantName = "[No Variations]"
Added Component: Designator=Rsnub(RESC0805(2012)_L)
Add component. Clean all parameters for all variants
Add component (AddParameter): Name = "Case-EIA"; Value = "0805"; VariantName = "[No Variations]"
Add component (AddParameter): Name = "Case-Metric"; Value = "2012"; VariantName = "[No Variations]"
Add component (AddParameter): Name = "Power"; Value = "0.125 W"; VariantName = "[No Variations]"
Add component (AddParameter): Name = "Technology"; Value = "SMT"; VariantName = "[No Variations]"
Add component (AddParameter): Name = "Tolerance"; Value = "1 %"; VariantName = "[No Variations]"
Add component (AddParameter): Name = "Value"; Value = "100000.00 Ohm"; VariantName = "[No Variations]"
Added Pin To Net: NetName=GND-SEC Pin=*-2
Added Pin To Net: NetName=GND-SEC Pin=*-3
Added Pin To Net: NetName=GND-SEC Pin=*-27
Added Pin To Net: NetName=GND-SEC Pin=*-28
Added Pin To Net: NetName=VCC-SEC Pin=*-29
Added Pin To Net: NetName=GND-SEC Pin=C3-2
Added Pin To Net: NetName=GND-SEC Pin=C5-2
Added Pin To Net: NetName=NetC13_1 Pin=C10-2
Added Pin To Net: NetName=GND-SEC Pin=C16-2
Added Pin To Net: NetName=GND-SEC Pin=C17-2
Added Pin To Net: NetName=GND-SEC Pin=C18-2
Added Pin To Net: NetName=GND-SEC Pin=C19-2
Added Pin To Net: NetName=GND-SEC Pin=C20-2
Added Pin To Net: NetName=NetC3_1 Pin=C24-1
Added Pin To Net: NetName=GND-SEC Pin=C24-2
Added Pin To Net: NetName=NetC3_1 Pin=C25-1
Added Pin To Net: NetName=GND-SEC Pin=C25-2
Added Pin To Net: NetName=NetC3_1 Pin=C26-1
Added Pin To Net: NetName=GND-SEC Pin=C26-2
Added Pin To Net: NetName=OUT+ Pin=C27-1
Added Pin To Net: NetName=GND-SEC Pin=C27-2
Added Pin To Net: NetName=OUT+ Pin=C28-1
Added Pin To Net: NetName=GND-SEC Pin=C28-2
Added Pin To Net: NetName=GND-PRI Pin=C29-2
Added Pin To Net: NetName=NetCf21_2 Pin=C30-1
Added Pin To Net: NetName=GND-PRI Pin=C30-2
Added Pin To Net: NetName=NetCf21_2 Pin=C31-1
Added Pin To Net: NetName=GND-PRI Pin=C31-2
Added Pin To Net: NetName=GND-PRI Pin=C32-1
Added Pin To Net: NetName=IN+ Pin=C32-2
Added Pin To Net: NetName=GND-PRI Pin=C33-1
Added Pin To Net: NetName=IN+ Pin=C33-2
Added Pin To Net: NetName=GND-PRI Pin=C34-1
Added Pin To Net: NetName=IN+ Pin=C34-2
Added Pin To Net: NetName=GND-PRI Pin=Clp0-2
Added Pin To Net: NetName=GND-PRI Pin=Clp1-2
Added Pin To Net: NetName=GND-PRI Pin=Clp2-2
Added Pin To Net: NetName=NetCf21_2 Pin=Csnub1-2
Added Pin To Net: NetName=NetCf21_2 Pin=Csnub2-2
Added Pin To Net: NetName=IN- Pin=D3-1
Added Pin To Net: NetName=NetQ1_5 Pin=D?-1
Added Pin To Net: NetName=GND-SEC Pin=P_LCD-1
Added Pin To Net: NetName=GND-SEC Pin=P_LCD-5
Added Pin To Net: NetName=GND-SEC Pin=P_LCD-16
Added Pin To Net: NetName=NetC13_1 Pin=Q4-1
Added Pin To Net: NetName=NetCT_1 Pin=Q4-2
Added Pin To Net: NetName=NetQ3_1 Pin=R4-1
Added Pin To Net: NetName=GND-SEC Pin=R11-1
Added Pin To Net: NetName=OUT+ Pin=R13-2
Added Pin To Net: NetName=OUT- Pin=R14-1
Added Pin To Net: NetName=GND-SEC Pin=R17-1
Added Pin To Net: NetName=NetCf21_2 Pin=Rsnub-1
Added Pin To Net: NetName=NetC13_1 Pin=U4-5
Change Net Name : Old Net Name=NetC13_1 New Net Name=V-REF
Change Net Name : Old Net Name=NetCf21_2 New Net Name=NetC30_1
Change Net Name : Old Net Name=NetQ1_5 New Net Name=NetD?_1
Added Pin To Net: NetName=5V_arduino Pin=*-26
Added Pin To Net: NetName=5V_arduino Pin=P_LCD-2
Added Pin To Net: NetName=5V_arduino Pin=R15-1
Added Pin To Net: NetName=5V_arduino Pin=R16-2
Added Net: Name=5V_arduino
Added Pin To Net: NetName=Net*_4 Pin=*-4
Added Pin To Net: NetName=Net*_4 Pin=P_LCD-14
Added Net: Name=Net*_4
Added Pin To Net: NetName=Net*_5 Pin=*-5
Added Pin To Net: NetName=Net*_5 Pin=P_LCD-13
Added Net: Name=Net*_5
Added Pin To Net: NetName=Net*_6 Pin=*-6
Added Pin To Net: NetName=Net*_6 Pin=P_LCD-12
Added Net: Name=Net*_6
Added Pin To Net: NetName=Net*_7 Pin=*-7
Added Pin To Net: NetName=Net*_7 Pin=P_LCD-11
Added Net: Name=Net*_7
Added Pin To Net: NetName=Net*_13 Pin=*-13
Added Pin To Net: NetName=Net*_13 Pin=P_LCD-6
Added Net: Name=Net*_13
Added Pin To Net: NetName=Net*_14 Pin=*-14
Added Pin To Net: NetName=Net*_14 Pin=P_LCD-4
Added Net: Name=Net*_14
Added Pin To Net: NetName=Net*_22 Pin=*-22
Added Pin To Net: NetName=Net*_22 Pin=R13-1
Added Pin To Net: NetName=Net*_22 Pin=R14-2
Added Net: Name=Net*_22
Added Pin To Net: NetName=Net*_23 Pin=*-23
Added Pin To Net: NetName=Net*_23 Pin=R11-2
Added Pin To Net: NetName=Net*_23 Pin=U5-2
Added Net: Name=Net*_23
Added Pin To Net: NetName=Net*_24 Pin=*-24
Added Pin To Net: NetName=Net*_24 Pin=R12-1
Added Pin To Net: NetName=Net*_24 Pin=Rcset-2
Added Pin To Net: NetName=Net*_24 Pin=U5-3
Added Net: Name=Net*_24
Added Pin To Net: NetName=NetClp0_1 Pin=Clp0-1
Added Pin To Net: NetName=NetClp0_1 Pin=Rlp1-1
Added Pin To Net: NetName=NetClp0_1 Pin=Rlp-2
Added Net: Name=NetClp0_1
Added Pin To Net: NetName=NetClp1_1 Pin=Clp1-1
Added Pin To Net: NetName=NetClp1_1 Pin=Rlp1-2
Added Pin To Net: NetName=NetClp1_1 Pin=Rlp2-1
Added Net: Name=NetClp1_1
Added Pin To Net: NetName=NetClp2_1 Pin=Clp2-1
Added Pin To Net: NetName=NetClp2_1 Pin=Rlp2-2
Added Pin To Net: NetName=NetClp2_1 Pin=Rp-2
Added Pin To Net: NetName=NetClp2_1 Pin=Rslope-1
Added Pin To Net: NetName=NetClp2_1 Pin=U3-3
Added Net: Name=NetClp2_1
Added Pin To Net: NetName=NetCsnub1_1 Pin=Csnub1-1
Added Pin To Net: NetName=NetCsnub1_1 Pin=Csnub2-1
Added Pin To Net: NetName=NetCsnub1_1 Pin=D?-2
Added Pin To Net: NetName=NetCsnub1_1 Pin=Rsnub-2
Added Net: Name=NetCsnub1_1
Added Pin To Net: NetName=NetP_LCD_3 Pin=P_LCD-3
Added Pin To Net: NetName=NetP_LCD_3 Pin=R16-1
Added Pin To Net: NetName=NetP_LCD_3 Pin=R17-2
Added Net: Name=NetP_LCD_3
Added Pin To Net: NetName=NetP_LCD_15 Pin=P_LCD-15
Added Pin To Net: NetName=NetP_LCD_15 Pin=R15-2
Added Net: Name=NetP_LCD_15
Added Pin To Net: NetName=NetQ4_3 Pin=Q4-3
Added Pin To Net: NetName=NetQ4_3 Pin=Rslope-2
Added Net: Name=NetQ4_3
Added Pin To Net: NetName=NetR4_2 Pin=R4-2
Added Pin To Net: NetName=NetR4_2 Pin=U5-1
Added Net: Name=NetR4_2
Added Pin To Net: NetName=NetR5_1 Pin=R5-1
Added Pin To Net: NetName=NetR5_1 Pin=Rcset-1
Added Net: Name=NetR5_1
Added Member To Class: ClassName=Sheet2 Member=Component C24 10pF
Added Member To Class: ClassName=Sheet2 Member=Component C25 100pF
Added Member To Class: ClassName=Sheet2 Member=Component C26 10nF
Added Member To Class: ClassName=Sheet2 Member=Component C27 10pF
Added Member To Class: ClassName=Sheet2 Member=Component C28 10pF
Added Member To Class: ClassName=Sheet2 Member=Component C29 10pF
Added Member To Class: ClassName=Sheet2 Member=Component C30 100pF
Added Member To Class: ClassName=Sheet2 Member=Component C31 10nF
Added Member To Class: ClassName=Sheet2 Member=Component C32 10pF
Added Member To Class: ClassName=Sheet2 Member=Component C33 100pF
Added Member To Class: ClassName=Sheet2 Member=Component C34 10nF
Added Member To Class: ClassName=Sheet2 Member=Component Clp1 1 nF
Added Member To Class: ClassName=Sheet2 Member=Component Clp2 1 nF
Added Member To Class: ClassName=Sheet2 Member=Component Csnub1 10 nF, 150V++
Added Member To Class: ClassName=Sheet2 Member=Component Csnub2 10 nF, 150V++
Added Member To Class: ClassName=Sheet2 Member=Component D? MBRS1100T3G
Added Member To Class: ClassName=Sheet2 Member=Component P_LCD LCD_connector
Added Member To Class: ClassName=Sheet2 Member=Component Q4 BC547BG
Added Member To Class: ClassName=Sheet2 Member=Component R13 100k
Added Member To Class: ClassName=Sheet2 Member=Component R14 14.2k
Added Member To Class: ClassName=Sheet2 Member=Component R15 
Added Member To Class: ClassName=Sheet2 Member=Component R16 
Added Member To Class: ClassName=Sheet2 Member=Component R17 
Added Member To Class: ClassName=Sheet2 Member=Component Rlp1 150 R
Added Member To Class: ClassName=Sheet2 Member=Component Rlp2 150 R
Added Member To Class: ClassName=Sheet2 Member=Component Rsnub 8 x 64k
