Removed Pin From Net: NetName=GND-SEC Pin=C3-2
Removed Pin From Net: NetName=GND-SEC Pin=C5-2
Removed Pin From Net: NetName=GND-SEC Pin=C16-2
Removed Pin From Net: NetName=GND-SEC Pin=C17-2
Removed Pin From Net: NetName=GND-SEC Pin=C18-2
Removed Pin From Net: NetName=GND-SEC Pin=C19-2
Removed Pin From Net: NetName=GND-SEC Pin=C20-2
Removed Pin From Net: NetName=GND-PRI Pin=Q3-2
Removed Pin From Net: NetName=NetQ3_3 Pin=Q3-3
Removed Pin From Net: NetName=NetC9_2 Pin=R4-1
Removed Pin From Net: NetName=VCC-PRI Pin=R11-2
Removed Pin From Net: NetName=GND-PRI Pin=R12-2
Removed Pin From Net: NetName=Vshunt Pin=U3-3
Removed Pin From Net: NetName=NetQ3_1 Pin=U5-1
Removed Pin From Net: NetName=Vshunt Pin=U5-3
Removed Pin From Net: NetName=GND-PRI Pin=U5-4
Removed Pin From Net: NetName=VCC-PRI Pin=U5-8
Change Component Footprint: Designator=U5 Old Footprint=D0008A_M New Footprint=D0008A_M
Change Component Footprint: Designator=Q3 Old Footprint=INF-PG-SOT23_M New Footprint=INF-PG-TO-220AB
Change Component Comment : Designator=Q3 Old Comment=2N7002 New Comment=IRLB3034PBF
Change Component Comment : Designator=C14 Old Comment=10uF New Comment=1uF
Change Component Comment : Designator=R11 Old Comment=30k New Comment=5.9k
Change Component Comment : Designator=R5 Old Comment=33k New Comment=27k
Change Component Comment : Designator=R4 Old Comment=300k New Comment=500k
Change Component Comment : Designator=R12 Old Comment=423R New Comment=20k
Change Component Comment : Designator=U5 Old Comment=LM293D New Comment=LM358MX
Change Component Designator: OldDesignator=R4 NewDesignator=Rcoarse
Change component parameters: Designator = "C14"; Footprint = "CAPC0805(2012)145_N"; UniqueID = "\RXIEBOIA"
Change component parameters. Clean all parameters for all variants
Change component parameters (AddParameter): Name = "Case-EIA"; Value = "0805"; VariantName = "[No Variations]"
Change component parameters (AddParameter): Name = "Case-Metric"; Value = "2012"; VariantName = "[No Variations]"
Change component parameters (AddParameter): Name = "Max Thickness"; Value = "1.45 mm"; VariantName = "[No Variations]"
Change component parameters (AddParameter): Name = "Rated Voltage"; Value = "30 V"; VariantName = "[No Variations]"
Change component parameters (AddParameter): Name = "Technology"; Value = "SMT"; VariantName = "[No Variations]"
Change component parameters (AddParameter): Name = "Tolerance"; Value = "Â±10%"; VariantName = "[No Variations]"
Change component parameters (AddParameter): Name = "Value"; Value = "82nF"; VariantName = "[No Variations]"
Change component parameters: Designator = "C15"; Footprint = "CAPC0805(2012)145_N"; UniqueID = "\VGNKIGBD"
Change component parameters. Clean all parameters for all variants
Change component parameters (AddParameter): Name = "Case-EIA"; Value = "0805"; VariantName = "[No Variations]"
Change component parameters (AddParameter): Name = "Case-Metric"; Value = "2012"; VariantName = "[No Variations]"
Change component parameters (AddParameter): Name = "Max Thickness"; Value = "1.45 mm"; VariantName = "[No Variations]"
Change component parameters (AddParameter): Name = "Rated Voltage"; Value = "30 V"; VariantName = "[No Variations]"
Change component parameters (AddParameter): Name = "Technology"; Value = "SMT"; VariantName = "[No Variations]"
Change component parameters (AddParameter): Name = "Tolerance"; Value = "Â±10%"; VariantName = "[No Variations]"
Change component parameters (AddParameter): Name = "Value"; Value = "82nF"; VariantName = "[No Variations]"
Change component parameters: Designator = "U5"; Footprint = "D0008A_M"; UniqueID = "\IOESWKIR"
Change component parameters. Clean all parameters for all variants
Change component parameters (AddParameter): Name = "Code_IPC"; Value = "SOIC127P600-8"; VariantName = "[No Variations]"
Change component parameters (AddParameter): Name = "Code_JEDEC"; Value = "MS-012-AA"; VariantName = "[No Variations]"
Change component parameters (AddParameter): Name = "Code_JEITA"; Value = ""; VariantName = "[No Variations]"
Change component parameters (AddParameter): Name = "ComponentLink1Description"; Value = "Datasheet URL"; VariantName = "[No Variations]"
Change component parameters (AddParameter): Name = "ComponentLink1URL"; Value = "http://www.ti.com/general/docs/lit/getliterature.tsp?genericPartNumber=LM358-N&fileType=pdf"; VariantName = "[No Variations]"
Change component parameters (AddParameter): Name = "CompType"; Value = "Amplifiers"; VariantName = "[No Variations]"
Change component parameters (AddParameter): Name = "High-Reliability"; Value = ""; VariantName = "[No Variations]"
Change component parameters (AddParameter): Name = "Manufacturer"; Value = "Texas Instruments"; VariantName = "[No Variations]"
Change component parameters (AddParameter): Name = "PackageDescription"; Value = "SOIC Narrow, 4.9 x 3.9 x 1.45mm, 8 Lead, 1.27mm Pitch"; VariantName = "[No Variations]"
Change component parameters (AddParameter): Name = "Package Reference"; Value = "D0008A"; VariantName = "[No Variations]"
Change component parameters (AddParameter): Name = "PackageTopMarking"; Value = "NSZXTT*LM*358M"; VariantName = "[No Variations]"
Change component parameters (AddParameter): Name = "PartId"; Value = "1"; VariantName = "[No Variations]"
Change component parameters (AddParameter): Name = "PartNumber"; Value = ""; VariantName = "[No Variations]"
Change component parameters (AddParameter): Name = "PinCount"; Value = "8"; VariantName = "[No Variations]"
Change component parameters (AddParameter): Name = "PowerWise"; Value = "N"; VariantName = "[No Variations]"
Change component parameters (AddParameter): Name = "RoHS"; Value = "N"; VariantName = "[No Variations]"
Change component parameters: Designator = "Q3"; Footprint = "INF-PG-TO-220AB"; UniqueID = "\FXMNKQOH"
Change component parameters. Clean all parameters for all variants
Change component parameters (AddParameter): Name = "Category"; Value = "PowerMOSFET"; VariantName = "[No Variations]"
Change component parameters (AddParameter): Name = "Channel Mode"; Value = "Enhancement"; VariantName = "[No Variations]"
Change component parameters (AddParameter): Name = "Channel Type"; Value = "N"; VariantName = "[No Variations]"
Change component parameters (AddParameter): Name = "Configuration"; Value = "Single"; VariantName = "[No Variations]"
Change component parameters (AddParameter): Name = "Datasheet URL"; Value = "https://datasheet.ciiva.com/26325/161162-da-01-en-mosfet-irlb3034pbf-to220ab-ir-26325354.pdf"; VariantName = "[No Variations]"
Change component parameters (AddParameter): Name = "Datasheet Version"; Value = "Jan-09"; VariantName = "[No Variations]"
Change component parameters (AddParameter): Name = "Dimensions"; Value = "10.54x4.69x15.24mm"; VariantName = "[No Variations]"
Change component parameters (AddParameter): Name = "Forward Diode Voltage"; Value = "1.3V"; VariantName = "[No Variations]"
Change component parameters (AddParameter): Name = "Forward Transconductance"; Value = "286S"; VariantName = "[No Variations]"
Change component parameters (AddParameter): Name = "Height"; Value = "15.24mm"; VariantName = "[No Variations]"
Change component parameters (AddParameter): Name = "Length"; Value = "10.54mm"; VariantName = "[No Variations]"
Change component parameters (AddParameter): Name = "Manufacturer"; Value = "International Rectifier"; VariantName = "[No Variations]"
Change component parameters (AddParameter): Name = "Manufacturer URL"; Value = "http://internationalrectifier.com/"; VariantName = "[No Variations]"
Change component parameters (AddParameter): Name = "Maximum Continuous Drain Current"; Value = "343A"; VariantName = "[No Variations]"
Change component parameters (AddParameter): Name = "Maximum Drain Source Resistance"; Value = "2mO"; VariantName = "[No Variations]"
Change component parameters (AddParameter): Name = "Maximum Drain Source Voltage"; Value = "40V"; VariantName = "[No Variations]"
Change component parameters (AddParameter): Name = "Maximum Gate Source Voltage"; Value = "±20V"; VariantName = "[No Variations]"
Change component parameters (AddParameter): Name = "Maximum Operating Temperature"; Value = "+175degC"; VariantName = "[No Variations]"
Change component parameters (AddParameter): Name = "Maximum Power Dissipation"; Value = "375W"; VariantName = "[No Variations]"
Change component parameters (AddParameter): Name = "Minimum Operating Temperature"; Value = "-55degC"; VariantName = "[No Variations]"
Change component parameters (AddParameter): Name = "Mounting Type"; Value = "ThroughHole"; VariantName = "[No Variations]"
Change component parameters (AddParameter): Name = "Number of Elements per Chip"; Value = "1"; VariantName = "[No Variations]"
Change component parameters (AddParameter): Name = "Operating Temperature Range"; Value = "-55to+175degC"; VariantName = "[No Variations]"
Change component parameters (AddParameter): Name = "Package Description"; Value = "3-Pin Plastic (Green) Transistor Single Outline Package, 9.9 x 9.2 mm Body, 2.54 mm Pitch"; VariantName = "[No Variations]"
Change component parameters (AddParameter): Name = "Package Reference"; Value = "PG-TO-220AB"; VariantName = "[No Variations]"
Change component parameters (AddParameter): Name = "Package Type"; Value = "TO-220AB"; VariantName = "[No Variations]"
Change component parameters (AddParameter): Name = "Package URL"; Value = "http://www.infineon.com/dgdl/bts110.pdf?folderId=db3a304412b407950112b43583c16310&fileId=db3a304412b407950112b43584326311&sId=db3a30443e3c704d013e4eb6657a2604"; VariantName = "[No Variations]"
Change component parameters (AddParameter): Name = "Package Version"; Value = "Feb-04"; VariantName = "[No Variations]"
Change component parameters (AddParameter): Name = "Pin Count"; Value = "3"; VariantName = "[No Variations]"
Change component parameters (AddParameter): Name = "Series"; Value = "HEXFETSeries"; VariantName = "[No Variations]"
Change component parameters (AddParameter): Name = "Typical Gate Charge @ Vgs"; Value = "54nC@4.5V"; VariantName = "[No Variations]"
Change component parameters (AddParameter): Name = "Typical Input Capacitance @ Vds"; Value = "10315pF@25V"; VariantName = "[No Variations]"
Change component parameters (AddParameter): Name = "Typical TurnOff Delay Time"; Value = "97ns"; VariantName = "[No Variations]"
Change component parameters (AddParameter): Name = "Typical Turn On Delay Time"; Value = "65ns"; VariantName = "[No Variations]"
Change component parameters (AddParameter): Name = "Width"; Value = "4.69mm"; VariantName = "[No Variations]"
Added Component: Designator=*(Arduino nano)
Add component. Clean all parameters for all variants
Added Component: Designator=C21(CAPC0805(2012)145_N)
Add component. Clean all parameters for all variants
Add component (AddParameter): Name = "Case-EIA"; Value = "0805"; VariantName = "[No Variations]"
Add component (AddParameter): Name = "Case-Metric"; Value = "2012"; VariantName = "[No Variations]"
Add component (AddParameter): Name = "Max Thickness"; Value = "1.45 mm"; VariantName = "[No Variations]"
Add component (AddParameter): Name = "Rated Voltage"; Value = "100V"; VariantName = "[No Variations]"
Add component (AddParameter): Name = "Technology"; Value = "SMT"; VariantName = "[No Variations]"
Add component (AddParameter): Name = "Tolerance"; Value = "Â±10%"; VariantName = "[No Variations]"
Add component (AddParameter): Name = "Value"; Value = "82nF"; VariantName = "[No Variations]"
Added Component: Designator=C22(CAPC0805(2012)145_N)
Add component. Clean all parameters for all variants
Add component (AddParameter): Name = "Case-EIA"; Value = "0805"; VariantName = "[No Variations]"
Add component (AddParameter): Name = "Case-Metric"; Value = "2012"; VariantName = "[No Variations]"
Add component (AddParameter): Name = "Max Thickness"; Value = "1.45 mm"; VariantName = "[No Variations]"
Add component (AddParameter): Name = "Rated Voltage"; Value = "30 V"; VariantName = "[No Variations]"
Add component (AddParameter): Name = "Technology"; Value = "SMT"; VariantName = "[No Variations]"
Add component (AddParameter): Name = "Tolerance"; Value = "Â±10%"; VariantName = "[No Variations]"
Add component (AddParameter): Name = "Value"; Value = "82nF"; VariantName = "[No Variations]"
Added Component: Designator=C23(CAPC0805(2012)145_N)
Add component. Clean all parameters for all variants
Add component (AddParameter): Name = "Case-EIA"; Value = "0805"; VariantName = "[No Variations]"
Add component (AddParameter): Name = "Case-Metric"; Value = "2012"; VariantName = "[No Variations]"
Add component (AddParameter): Name = "Max Thickness"; Value = "1.45 mm"; VariantName = "[No Variations]"
Add component (AddParameter): Name = "Rated Voltage"; Value = "30 V"; VariantName = "[No Variations]"
Add component (AddParameter): Name = "Technology"; Value = "SMT"; VariantName = "[No Variations]"
Add component (AddParameter): Name = "Tolerance"; Value = "Â±10%"; VariantName = "[No Variations]"
Add component (AddParameter): Name = "Value"; Value = "82nF"; VariantName = "[No Variations]"
Added Component: Designator=R4(RESC0805(2012)_L)
Add component. Clean all parameters for all variants
Add component (AddParameter): Name = "Case-EIA"; Value = "0805"; VariantName = "[No Variations]"
Add component (AddParameter): Name = "Case-Metric"; Value = "2012"; VariantName = "[No Variations]"
Add component (AddParameter): Name = "Power"; Value = "0.125 W"; VariantName = "[No Variations]"
Add component (AddParameter): Name = "Technology"; Value = "SMT"; VariantName = "[No Variations]"
Add component (AddParameter): Name = "Tolerance"; Value = "1 %"; VariantName = "[No Variations]"
Add component (AddParameter): Name = "Value"; Value = "100000.00 Ohm"; VariantName = "[No Variations]"
Added Component: Designator=Rcset(AXIAL-0.7)
Add component. Clean all parameters for all variants
Add component (AddParameter): Name = "LatestRevisionDate"; Value = "17-Jul-2002"; VariantName = "[No Variations]"
Add component (AddParameter): Name = "LatestRevisionNote"; Value = "Re-released for DXP Platform."; VariantName = "[No Variations]"
Add component (AddParameter): Name = "PackageDescription"; Value = "Axial Device, Thru-Hole; 2 Leads; 0.7 in Pin Spacing"; VariantName = "[No Variations]"
Add component (AddParameter): Name = "PackageReference"; Value = "AXIAL-0.7"; VariantName = "[No Variations]"
Add component (AddParameter): Name = "Published"; Value = "8-Jun-2000"; VariantName = "[No Variations]"
Add component (AddParameter): Name = "Publisher"; Value = "Altium Limited"; VariantName = "[No Variations]"
Add component (AddParameter): Name = "Set Position"; Value = "0.5"; VariantName = "[No Variations]"
Add component (AddParameter): Name = "Value"; Value = "50K"; VariantName = "[No Variations]"
Added Component: Designator=Rfilt(RESC0805(2012)_L)
Add component. Clean all parameters for all variants
Add component (AddParameter): Name = "Case-EIA"; Value = "0805"; VariantName = "[No Variations]"
Add component (AddParameter): Name = "Case-Metric"; Value = "2012"; VariantName = "[No Variations]"
Add component (AddParameter): Name = "Power"; Value = "0.125 W"; VariantName = "[No Variations]"
Add component (AddParameter): Name = "Technology"; Value = "SMT"; VariantName = "[No Variations]"
Add component (AddParameter): Name = "Tolerance"; Value = "1 %"; VariantName = "[No Variations]"
Add component (AddParameter): Name = "Value"; Value = "100000.00 Ohm"; VariantName = "[No Variations]"
Added Component: Designator=Rfine(AXIAL-0.7)
Add component. Clean all parameters for all variants
Add component (AddParameter): Name = "LatestRevisionDate"; Value = "17-Jul-2002"; VariantName = "[No Variations]"
Add component (AddParameter): Name = "LatestRevisionNote"; Value = "Re-released for DXP Platform."; VariantName = "[No Variations]"
Add component (AddParameter): Name = "PackageDescription"; Value = "Axial Device, Thru-Hole; 2 Leads; 0.7 in Pin Spacing"; VariantName = "[No Variations]"
Add component (AddParameter): Name = "PackageReference"; Value = "AXIAL-0.7"; VariantName = "[No Variations]"
Add component (AddParameter): Name = "Published"; Value = "8-Jun-2000"; VariantName = "[No Variations]"
Add component (AddParameter): Name = "Publisher"; Value = "Altium Limited"; VariantName = "[No Variations]"
Add component (AddParameter): Name = "Set Position"; Value = "0.5"; VariantName = "[No Variations]"
Add component (AddParameter): Name = "Value"; Value = "50K"; VariantName = "[No Variations]"
Added Component: Designator=Rgp(6-0805_L)
Add component. Clean all parameters for all variants
Add component (AddParameter): Name = "LatestRevisionDate"; Value = "17-Jul-2002"; VariantName = "[No Variations]"
Add component (AddParameter): Name = "LatestRevisionNote"; Value = "Re-released for DXP Platform."; VariantName = "[No Variations]"
Add component (AddParameter): Name = "PackageDescription"; Value = "Axial Device, Thru-Hole; 2 Leads; 0.3 in Pin Spacing"; VariantName = "[No Variations]"
Add component (AddParameter): Name = "PackageReference"; Value = "AXIAL-0.3"; VariantName = "[No Variations]"
Add component (AddParameter): Name = "Published"; Value = "8-Jun-2000"; VariantName = "[No Variations]"
Add component (AddParameter): Name = "Publisher"; Value = "Altium Limited"; VariantName = "[No Variations]"
Add component (AddParameter): Name = "Value"; Value = "10K"; VariantName = "[No Variations]"
Added Component: Designator=Roc(RESC0805(2012)_L)
Add component. Clean all parameters for all variants
Add component (AddParameter): Name = "Case-EIA"; Value = "0805"; VariantName = "[No Variations]"
Add component (AddParameter): Name = "Case-Metric"; Value = "2012"; VariantName = "[No Variations]"
Add component (AddParameter): Name = "Power"; Value = "0.125 W"; VariantName = "[No Variations]"
Add component (AddParameter): Name = "Technology"; Value = "SMT"; VariantName = "[No Variations]"
Add component (AddParameter): Name = "Tolerance"; Value = "1 %"; VariantName = "[No Variations]"
Add component (AddParameter): Name = "Value"; Value = "100000.00 Ohm"; VariantName = "[No Variations]"
Added Pin To Net: NetName=GND-PRI Pin=C21-1
Added Pin To Net: NetName=IN+ Pin=C21-2
Added Pin To Net: NetName=GND-SEC Pin=C23-1
Added Pin To Net: NetName=VCC-SEC Pin=C23-2
Added Pin To Net: NetName=GND-SEC Pin=Q3-3
Added Pin To Net: NetName=NetQ3_1 Pin=R4-2
Added Pin To Net: NetName=GND-SEC Pin=R11-2
Added Pin To Net: NetName=VCC-SEC Pin=R12-2
Added Pin To Net: NetName=GND-SEC Pin=Rcset-2
Added Pin To Net: NetName=NetC9_2 Pin=Rfine-1
Added Pin To Net: NetName=NetRgate_2 Pin=Rgp-1
Added Pin To Net: NetName=GND-PRI Pin=Rgp-2
Added Pin To Net: NetName=GND-SEC Pin=U5-4
Added Pin To Net: NetName=VCC-SEC Pin=U5-8
Change Net Name : Old Net Name=NetQ3_3 New Net Name=NetRf_1
Change Net Name : Old Net Name=NetR4_2 New Net Name=NetR5_2
Change Net Name : Old Net Name=Vshunt New Net Name=NetClp_2
Added Pin To Net: NetName=NetC3_2 Pin=C3-2
Added Pin To Net: NetName=NetC3_2 Pin=C5-2
Added Pin To Net: NetName=NetC3_2 Pin=C16-2
Added Pin To Net: NetName=NetC3_2 Pin=C17-2
Added Pin To Net: NetName=NetC3_2 Pin=C18-2
Added Pin To Net: NetName=NetC3_2 Pin=C19-2
Added Pin To Net: NetName=NetC3_2 Pin=C20-2
Added Net: Name=NetC3_2
Added Pin To Net: NetName=NetC22_1 Pin=C22-1
Added Pin To Net: NetName=NetC22_1 Pin=Rfilt-1
Added Net: Name=NetC22_1
Added Pin To Net: NetName=NetC22_2 Pin=C22-2
Added Pin To Net: NetName=NetC22_2 Pin=Cout2_1-1
Added Pin To Net: NetName=NetC22_2 Pin=Cout2_2-1
Added Pin To Net: NetName=NetC22_2 Pin=Roc-1
Added Net: Name=NetC22_2
Added Pin To Net: NetName=NetD4_3 Pin=R11-1
Added Pin To Net: NetName=NetD4_3 Pin=U5-2
Added Net: Name=NetD4_3
Added Pin To Net: NetName=NetR4_1 Pin=R4-1
Added Pin To Net: NetName=NetR4_1 Pin=U5-1
Added Net: Name=NetR4_1
Added Pin To Net: NetName=NetR12_1 Pin=R12-1
Added Pin To Net: NetName=NetR12_1 Pin=Rcset-1
Added Pin To Net: NetName=NetR12_1 Pin=U5-3
Added Net: Name=NetR12_1
Added Pin To Net: NetName=NetRcoarse_1 Pin=Rcoarse-1
Added Pin To Net: NetName=NetRcoarse_1 Pin=Rfine-2
Added Net: Name=NetRcoarse_1
Added Pin To Net: NetName=OUT+ Pin=R3-2
Added Pin To Net: NetName=OUT+ Pin=Rfilt-2
Added Pin To Net: NetName=OUT+ Pin=Roc-2
Added Net: Name=OUT+
Added Pin To Net: NetName=OUT- Pin=Q3-2
Added Net: Name=OUT-
Added Member To Class: ClassName=Sheet2 Member=Component * arduinoNano
Added Member To Class: ClassName=Sheet2 Member=Component C21 100nF
Added Member To Class: ClassName=Sheet2 Member=Component C22 10p
Added Member To Class: ClassName=Sheet2 Member=Component C23 100nF
Added Member To Class: ClassName=Sheet2 Member=Component Rcoarse 500k
Added Member To Class: ClassName=Sheet2 Member=Component Rcset 1k
Added Member To Class: ClassName=Sheet2 Member=Component Rfilt 4.7k
Added Member To Class: ClassName=Sheet2 Member=Component Rfine 10k
Added Member To Class: ClassName=Sheet2 Member=Component Rgp Res1
Added Member To Class: ClassName=Sheet2 Member=Component Roc 0R2
Added Room: Name=Sheet2
