Change Component Designator: Old Designator=* New Designator=*1
Change Component Designator: Old Designator=C3 New Designator=C6
Change Component Designator: Old Designator=C4 New Designator=C12
Change Component Designator: Old Designator=C5 New Designator=C13
Change Component Designator: Old Designator=C6 New Designator=C14
Change Component Designator: Old Designator=C7 New Designator=C15
Change Component Designator: Old Designator=C8 New Designator=C16
Change Component Designator: Old Designator=C9 New Designator=C17
Change Component Designator: Old Designator=C10 New Designator=C18
Change Component Designator: Old Designator=C11 New Designator=C19
Change Component Designator: Old Designator=C12 New Designator=C20
Change Component Designator: Old Designator=C13 New Designator=C21
Change Component Designator: Old Designator=C14 New Designator=C22
Change Component Designator: Old Designator=C15 New Designator=C23
Change Component Designator: Old Designator=C16 New Designator=C7
Change Component Designator: Old Designator=C17 New Designator=C8
Change Component Designator: Old Designator=C18 New Designator=C9
Change Component Designator: Old Designator=C19 New Designator=C10
Change Component Designator: Old Designator=C20 New Designator=C11
Change Component Designator: Old Designator=C21 New Designator=C3
Change Component Designator: Old Designator=C22 New Designator=C4
Change Component Designator: Old Designator=C23 New Designator=C5
Change Component Designator: Old Designator=Cf01 New Designator=Cf1
Change Component Designator: Old Designator=Cf02 New Designator=Cf2
Change Component Designator: Old Designator=Cf03 New Designator=Cf3
Change Component Designator: Old Designator=Cf11 New Designator=Cf4
Change Component Designator: Old Designator=Cf12 New Designator=Cf5
Change Component Designator: Old Designator=Cf21 New Designator=Cf6
Change Component Designator: Old Designator=Cf22 New Designator=Cf7
Change Component Designator: Old Designator=Cf23 New Designator=Cf8
Change Component Designator: Old Designator=Clp New Designator=Clp1
Change Component Designator: Old Designator=Clp? New Designator=Clp2
Change Component Designator: Old Designator=Clp? New Designator=Clp3
Change Component Designator: Old Designator=Cout2_1 New Designator=Cout1
Change Component Designator: Old Designator=Cout2_2 New Designator=Cout2
Change Component Designator: Old Designator=CT New Designator=CT1
Change Component Designator: Old Designator=D2 New Designator=D3
Change Component Designator: Old Designator=D3 New Designator=D4
Change Component Designator: Old Designator=D4 New Designator=D2
Change Component Designator: Old Designator=Lb0 New Designator=Lb1
Change Component Designator: Old Designator=Lb1 New Designator=Lb2
Change Component Designator: Old Designator=Lb2 New Designator=Lb3
Change Component Designator: Old Designator=Lf0 New Designator=Lf1
Change Component Designator: Old Designator=Lf1 New Designator=Lf2
Change Component Designator: Old Designator=Lf2 New Designator=Lf3
Change Component Designator: Old Designator=Lout2 New Designator=Lout1
Change Component Designator: Old Designator=Q2 New Designator=Q3
Change Component Designator: Old Designator=Q3 New Designator=Q2
Change Component Designator: Old Designator=Q? New Designator=Q4
Change Component Designator: Old Designator=R5 New Designator=R6
Change Component Designator: Old Designator=R6 New Designator=R7
Change Component Designator: Old Designator=R7 New Designator=R8
Change Component Designator: Old Designator=R8 New Designator=R10
Change Component Designator: Old Designator=R9 New Designator=R11
Change Component Designator: Old Designator=R10 New Designator=R12
Change Component Designator: Old Designator=R11 New Designator=R5
Change Component Designator: Old Designator=R12 New Designator=R9
Change Component Designator: Old Designator=Rcoarse New Designator=Rcoarse1
Change Component Designator: Old Designator=Rcset New Designator=Rcset1
Change Component Designator: Old Designator=Rf0 New Designator=Rf1
Change Component Designator: Old Designator=Rf1 New Designator=Rf2
Change Component Designator: Old Designator=Rf2 New Designator=Rf3
Change Component Designator: Old Designator=Rf New Designator=Rf4
Change Component Designator: Old Designator=Rfilt New Designator=Rfilt1
Change Component Designator: Old Designator=Rfine New Designator=Rfine1
Change Component Designator: Old Designator=Rgate New Designator=Rgate1
Change Component Designator: Old Designator=Rgp New Designator=Rgp1
Change Component Designator: Old Designator=Rin New Designator=Rin1
Change Component Designator: Old Designator=Rlp New Designator=Rlp1
Change Component Designator: Old Designator=Rlp? New Designator=Rlp2
Change Component Designator: Old Designator=Rlp? New Designator=Rlp3
Change Component Designator: Old Designator=Roc New Designator=Roc1
Change Component Designator: Old Designator=Rp New Designator=Rp1
Change Component Designator: Old Designator=Rslope New Designator=Rslope1
Change Component Designator: Old Designator=RT New Designator=RT1
Change Component Designator: Old Designator=U2 New Designator=U3
Change Component Designator: Old Designator=U3 New Designator=U4
Change Component Designator: Old Designator=U4 New Designator=U5
Change Component Designator: Old Designator=U5 New Designator=U2
